生成启动时间为 2017/3/14 22:59:23。
     1>项目“C:\Users\Administrator\Desktop\多语言v2\多语言v2\多语言v2.vcxproj”在节点 2 上(Build 个目标)。
     1>ClCompile:
         C:\Program Files (x86)\Microsoft Visual Studio 12.0\VC\bin\CL.exe /c /ZI /nologo /W3 /WX- /Od /Oy- /D WIN32 /D _DEBUG /D _CONSOLE /D _LIB /D _UNICODE /D UNICODE /Gm /EHsc /RTC1 /MDd /GS /fp:precise /Zc:wchar_t /Zc:forScope /Fo"Debug\\" /Fd"Debug\vc120.pdb" /Gd /TP /analyze- /errorReport:prompt Problem.cpp
         Problem.cpp
     1>c:\users\administrator\desktop\多语言v2\多语言v2\problem.cpp(19): warning C4996: 'strcpy': This function or variable may be unsafe. Consider using strcpy_s instead. To disable deprecation, use _CRT_SECURE_NO_WARNINGS. See online help for details.
                 c:\program files (x86)\microsoft visual studio 12.0\vc\include\string.h(112) : 参见“strcpy”的声明
     1>c:\users\administrator\desktop\多语言v2\多语言v2\problem.cpp(35): warning C4996: 'strcat': This function or variable may be unsafe. Consider using strcat_s instead. To disable deprecation, use _CRT_SECURE_NO_WARNINGS. See online help for details.
                 c:\program files (x86)\microsoft visual studio 12.0\vc\include\string.h(118) : 参见“strcat”的声明
     1>c:\users\administrator\desktop\多语言v2\多语言v2\problem.cpp(62): warning C4244: “参数”: 从“time_t”转换到“unsigned int”，可能丢失数据
     1>c:\users\administrator\desktop\多语言v2\多语言v2\problem.cpp(119): warning C4244: “参数”: 从“time_t”转换到“unsigned int”，可能丢失数据
     1>c:\users\administrator\desktop\多语言v2\多语言v2\problem.cpp(124): warning C4996: 'scanf': This function or variable may be unsafe. Consider using scanf_s instead. To disable deprecation, use _CRT_SECURE_NO_WARNINGS. See online help for details.
                 c:\program files (x86)\microsoft visual studio 12.0\vc\include\stdio.h(283) : 参见“scanf”的声明
     1>c:\users\administrator\desktop\多语言v2\多语言v2\problem.cpp(138): warning C4244: “参数”: 从“time_t”转换到“unsigned int”，可能丢失数据
     1>c:\users\administrator\desktop\多语言v2\多语言v2\problem.cpp(143): warning C4996: 'scanf': This function or variable may be unsafe. Consider using scanf_s instead. To disable deprecation, use _CRT_SECURE_NO_WARNINGS. See online help for details.
                 c:\program files (x86)\microsoft visual studio 12.0\vc\include\stdio.h(283) : 参见“scanf”的声明
     1>c:\users\administrator\desktop\多语言v2\多语言v2\problem.cpp(157): warning C4244: “参数”: 从“time_t”转换到“unsigned int”，可能丢失数据
     1>c:\users\administrator\desktop\多语言v2\多语言v2\problem.cpp(162): warning C4996: 'scanf': This function or variable may be unsafe. Consider using scanf_s instead. To disable deprecation, use _CRT_SECURE_NO_WARNINGS. See online help for details.
                 c:\program files (x86)\microsoft visual studio 12.0\vc\include\stdio.h(283) : 参见“scanf”的声明
     1>c:\users\administrator\desktop\多语言v2\多语言v2\problem.cpp(177): warning C4244: “参数”: 从“time_t”转换到“unsigned int”，可能丢失数据
     1>c:\users\administrator\desktop\多语言v2\多语言v2\problem.cpp(181): warning C4244: “=”: 从“double”转换到“float”，可能丢失数据
     1>c:\users\administrator\desktop\多语言v2\多语言v2\problem.cpp(182): warning C4996: 'scanf': This function or variable may be unsafe. Consider using scanf_s instead. To disable deprecation, use _CRT_SECURE_NO_WARNINGS. See online help for details.
                 c:\program files (x86)\microsoft visual studio 12.0\vc\include\stdio.h(283) : 参见“scanf”的声明
     1>c:\users\administrator\desktop\多语言v2\多语言v2\problem.cpp(196): warning C4244: “参数”: 从“time_t”转换到“unsigned int”，可能丢失数据
     1>c:\users\administrator\desktop\多语言v2\多语言v2\problem.cpp(203): warning C4996: 'scanf': This function or variable may be unsafe. Consider using scanf_s instead. To disable deprecation, use _CRT_SECURE_NO_WARNINGS. See online help for details.
                 c:\program files (x86)\microsoft visual studio 12.0\vc\include\stdio.h(283) : 参见“scanf”的声明
     1>c:\users\administrator\desktop\多语言v2\多语言v2\problem.cpp(217): warning C4244: “参数”: 从“time_t”转换到“unsigned int”，可能丢失数据
     1>c:\users\administrator\desktop\多语言v2\多语言v2\problem.cpp(224): warning C4996: 'scanf': This function or variable may be unsafe. Consider using scanf_s instead. To disable deprecation, use _CRT_SECURE_NO_WARNINGS. See online help for details.
                 c:\program files (x86)\microsoft visual studio 12.0\vc\include\stdio.h(283) : 参见“scanf”的声明
     1>c:\users\administrator\desktop\多语言v2\多语言v2\problem.cpp(238): warning C4244: “参数”: 从“time_t”转换到“unsigned int”，可能丢失数据
     1>c:\users\administrator\desktop\多语言v2\多语言v2\problem.cpp(244): warning C4996: 'scanf': This function or variable may be unsafe. Consider using scanf_s instead. To disable deprecation, use _CRT_SECURE_NO_WARNINGS. See online help for details.
                 c:\program files (x86)\microsoft visual studio 12.0\vc\include\stdio.h(283) : 参见“scanf”的声明
     1>c:\users\administrator\desktop\多语言v2\多语言v2\problem.cpp(258): warning C4244: “参数”: 从“time_t”转换到“unsigned int”，可能丢失数据
     1>c:\users\administrator\desktop\多语言v2\多语言v2\problem.cpp(264): warning C4996: 'scanf': This function or variable may be unsafe. Consider using scanf_s instead. To disable deprecation, use _CRT_SECURE_NO_WARNINGS. See online help for details.
                 c:\program files (x86)\microsoft visual studio 12.0\vc\include\stdio.h(283) : 参见“scanf”的声明
     1>c:\users\administrator\desktop\多语言v2\多语言v2\problem.cpp(280): warning C4244: “参数”: 从“time_t”转换到“unsigned int”，可能丢失数据
     1>c:\users\administrator\desktop\多语言v2\多语言v2\problem.cpp(292): warning C4996: 'scanf': This function or variable may be unsafe. Consider using scanf_s instead. To disable deprecation, use _CRT_SECURE_NO_WARNINGS. See online help for details.
                 c:\program files (x86)\microsoft visual studio 12.0\vc\include\stdio.h(283) : 参见“scanf”的声明
     1>c:\users\administrator\desktop\多语言v2\多语言v2\problem.cpp(308): warning C4996: 'scanf': This function or variable may be unsafe. Consider using scanf_s instead. To disable deprecation, use _CRT_SECURE_NO_WARNINGS. See online help for details.
                 c:\program files (x86)\microsoft visual studio 12.0\vc\include\stdio.h(283) : 参见“scanf”的声明
     1>c:\users\administrator\desktop\多语言v2\多语言v2\problem.cpp(326): warning C4244: “参数”: 从“time_t”转换到“unsigned int”，可能丢失数据
     1>c:\users\administrator\desktop\多语言v2\多语言v2\problem.cpp(338): warning C4996: 'scanf': This function or variable may be unsafe. Consider using scanf_s instead. To disable deprecation, use _CRT_SECURE_NO_WARNINGS. See online help for details.
                 c:\program files (x86)\microsoft visual studio 12.0\vc\include\stdio.h(283) : 参见“scanf”的声明
     1>c:\users\administrator\desktop\多语言v2\多语言v2\problem.cpp(354): warning C4996: 'scanf': This function or variable may be unsafe. Consider using scanf_s instead. To disable deprecation, use _CRT_SECURE_NO_WARNINGS. See online help for details.
                 c:\program files (x86)\microsoft visual studio 12.0\vc\include\stdio.h(283) : 参见“scanf”的声明
     1>c:\users\administrator\desktop\多语言v2\多语言v2\problem.cpp(372): warning C4244: “参数”: 从“time_t”转换到“unsigned int”，可能丢失数据
     1>c:\users\administrator\desktop\多语言v2\多语言v2\problem.cpp(384): warning C4996: 'scanf': This function or variable may be unsafe. Consider using scanf_s instead. To disable deprecation, use _CRT_SECURE_NO_WARNINGS. See online help for details.
                 c:\program files (x86)\microsoft visual studio 12.0\vc\include\stdio.h(283) : 参见“scanf”的声明
     1>c:\users\administrator\desktop\多语言v2\多语言v2\problem.cpp(400): warning C4996: 'scanf': This function or variable may be unsafe. Consider using scanf_s instead. To disable deprecation, use _CRT_SECURE_NO_WARNINGS. See online help for details.
                 c:\program files (x86)\microsoft visual studio 12.0\vc\include\stdio.h(283) : 参见“scanf”的声明
     1>c:\users\administrator\desktop\多语言v2\多语言v2\problem.cpp(418): warning C4244: “参数”: 从“time_t”转换到“unsigned int”，可能丢失数据
     1>c:\users\administrator\desktop\多语言v2\多语言v2\problem.cpp(430): warning C4996: 'scanf': This function or variable may be unsafe. Consider using scanf_s instead. To disable deprecation, use _CRT_SECURE_NO_WARNINGS. See online help for details.
                 c:\program files (x86)\microsoft visual studio 12.0\vc\include\stdio.h(283) : 参见“scanf”的声明
     1>c:\users\administrator\desktop\多语言v2\多语言v2\problem.cpp(446): warning C4996: 'scanf': This function or variable may be unsafe. Consider using scanf_s instead. To disable deprecation, use _CRT_SECURE_NO_WARNINGS. See online help for details.
                 c:\program files (x86)\microsoft visual studio 12.0\vc\include\stdio.h(283) : 参见“scanf”的声明
       Link:
         C:\Program Files (x86)\Microsoft Visual Studio 12.0\VC\bin\link.exe /ERRORREPORT:PROMPT /OUT:"C:\Users\Administrator\Desktop\多语言v2\Debug\多语言v2.exe" /INCREMENTAL /NOLOGO kernel32.lib user32.lib gdi32.lib winspool.lib comdlg32.lib advapi32.lib shell32.lib ole32.lib oleaut32.lib uuid.lib odbc32.lib odbccp32.lib /MANIFEST /MANIFESTUAC:"level='asInvoker' uiAccess='false'" /manifest:embed /DEBUG /PDB:"C:\Users\Administrator\Desktop\多语言v2\Debug\多语言v2.pdb" /SUBSYSTEM:CONSOLE /TLBID:1 /DYNAMICBASE /NXCOMPAT /IMPLIB:"C:\Users\Administrator\Desktop\多语言v2\Debug\多语言v2.lib" /MACHINE:X86 Debug\Problem.obj
         "Debug\多语言v2.obj"
         多语言v2.vcxproj -> C:\Users\Administrator\Desktop\多语言v2\Debug\多语言v2.exe
     1>已完成生成项目“C:\Users\Administrator\Desktop\多语言v2\多语言v2\多语言v2.vcxproj”(Build 个目标)的操作。

生成成功。

已用时间 00:00:01.00
